[0605/233946.582:ERROR:process_info.cc(359)] UncheckedAllocate
[0605/233946.723:ERROR:process_info.cc(359)] UncheckedAllocate
[0605/234014.259:ERROR:process_info.cc(359)] UncheckedAllocate
[0608/201728.587:ERROR:process_info.cc(359)] UncheckedAllocate
[0608/201728.676:ERROR:process_info.cc(359)] UncheckedAllocate
[0608/222223.738:ERROR:process_info.cc(359)] UncheckedAllocate
[0608/222223.763:ERROR:process_info.cc(359)] UncheckedAllocate
[0608/222223.857:ERROR:http_transport_win.cc(276)] WinHttpSendRequest: The operation completed successfully. (0x0)
[0608/222226.665:ERROR:process_reader_win.cc(188)] ResumeThread: The parameter is incorrect. (0x57)
[0608/222226.666:ERROR:process_reader_win.cc(123)] NtOpenThread: An invalid Client ID was specified. (0xc000000b)
[0608/222226.670:ERROR:process_reader_win.cc(123)] NtOpenThread: An invalid Client ID was specified. (0xc000000b)
[0608/222226.670:ERROR:process_reader_win.cc(123)] NtOpenThread: An invalid Client ID was specified. (0xc000000b)
[0608/222226.670:ERROR:process_reader_win.cc(123)] NtOpenThread: An invalid Client ID was specified. (0xc000000b)
[0608/222226.670:ERROR:process_reader_win.cc(123)] NtOpenThread: An invalid Client ID was specified. (0xc000000b)
[0608/222226.670:ERROR:process_reader_win.cc(123)] NtOpenThread: An invalid Client ID was specified. (0xc000000b)
[0608/222226.670:ERROR:process_reader_win.cc(123)] NtOpenThread: An invalid Client ID was specified. (0xc000000b)
[0608/222226.671:ERROR:process_reader_win.cc(123)] NtOpenThread: An invalid Client ID was specified. (0xc000000b)
[0608/222226.671:ERROR:process_memory_win.cc(73)] ReadMemory at 0x446c3fd630 of 16 bytes failed: Only part of a ReadProcessMemory or WriteProcessMemory request was completed. (0x12B)
[0608/222226.671:ERROR:exception_snapshot_win.cc(195)] EXCEPTION_POINTERS read failed
[0608/222226.671:ERROR:scoped_process_suspend.cc(40)] NtResumeProcess: An attempt was made to access an exiting process. (0xc000010a)
